make.exe --dry-run --always-make --keep-going --print-directory
make: Entering directory '/home/dasut/marsdev/32X240pTestSuite'
make -C src_md
/home/dasut/mars/sh-elf/bin/sh-elf-as --big  -o crt0.o crt0.s
/home/dasut/mars/sh-elf/bin/sh-elf-as --big  -o sh2_fixed.o sh2_fixed.s
/home/dasut/mars/sh-elf/bin/sh-elf-gcc -m2 -mb -Wall -c -fomit-frame-pointer -fno-builtin  -ffunction-sections -fdata-sections  -fno-align-loops -fno-align-functions -fno-align-jumps -fno-align-labels -D__32X__ -DMARS -O2 -funroll-loops -fno-align-loops -fno-align-functions -fno-align-jumps -fno-align-labels -lto -Os -Isrc -Iinc -Ires -I/home/dasut/mars/sh-elf/include -I/home/dasut/mars/sh-elf/sh-elf/include src/32x_images.c -o src/32x_images.o
/home/dasut/mars/sh-elf/bin/sh-elf-gcc -m2 -mb -Wall -c -fomit-frame-pointer -fno-builtin  -ffunction-sections -fdata-sections  -fno-align-loops -fno-align-functions -fno-align-jumps -fno-align-labels -D__32X__ -DMARS -O2 -funroll-loops -fno-align-loops -fno-align-functions -fno-align-jumps -fno-align-labels -lto -Os -Isrc -Iinc -Ires -I/home/dasut/mars/sh-elf/include -I/home/dasut/mars/sh-elf/sh-elf/include src/draw.c -o src/draw.o
/home/dasut/mars/sh-elf/bin/sh-elf-gcc -m2 -mb -Wall -c -fomit-frame-pointer -fno-builtin  -ffunction-sections -fdata-sections  -fno-align-loops -fno-align-functions -fno-align-jumps -fno-align-labels -D__32X__ -DMARS -O2 -funroll-loops -fno-align-loops -fno-align-functions -fno-align-jumps -fno-align-labels -lto -Os -Isrc -Iinc -Ires -I/home/dasut/mars/sh-elf/include -I/home/dasut/mars/sh-elf/sh-elf/include src/dsprite.c -o src/dsprite.o
/home/dasut/mars/sh-elf/bin/sh-elf-gcc -m2 -mb -Wall -c -fomit-frame-pointer -fno-builtin  -ffunction-sections -fdata-sections  -fno-align-loops -fno-align-functions -fno-align-jumps -fno-align-labels -D__32X__ -DMARS -O2 -funroll-loops -fno-align-loops -fno-align-functions -fno-align-jumps -fno-align-labels -lto -Os -Isrc -Iinc -Ires -I/home/dasut/mars/sh-elf/include -I/home/dasut/mars/sh-elf/sh-elf/include src/dtiles.c -o src/dtiles.o
/home/dasut/mars/sh-elf/bin/sh-elf-gcc -m2 -mb -Wall -c -fomit-frame-pointer -fno-builtin  -ffunction-sections -fdata-sections  -fno-align-loops -fno-align-functions -fno-align-jumps -fno-align-labels -D__32X__ -DMARS -O2 -funroll-loops -fno-align-loops -fno-align-functions -fno-align-jumps -fno-align-labels -lto -Os -Isrc -Iinc -Ires -I/home/dasut/mars/sh-elf/include -I/home/dasut/mars/sh-elf/sh-elf/include src/font.c -o src/font.o
/home/dasut/mars/sh-elf/bin/sh-elf-gcc -m2 -mb -Wall -c -fomit-frame-pointer -fno-builtin  -ffunction-sections -fdata-sections  -fno-align-loops -fno-align-functions -fno-align-jumps -fno-align-labels -D__32X__ -DMARS -O2 -funroll-loops -fno-align-loops -fno-align-functions -fno-align-jumps -fno-align-labels -lto -Os -Isrc -Iinc -Ires -I/home/dasut/mars/sh-elf/include -I/home/dasut/mars/sh-elf/sh-elf/include src/graphics.c -o src/graphics.o
/home/dasut/mars/sh-elf/bin/sh-elf-gcc -m2 -mb -Wall -c -fomit-frame-pointer -fno-builtin  -ffunction-sections -fdata-sections  -fno-align-loops -fno-align-functions -fno-align-jumps -fno-align-labels -D__32X__ -DMARS -O2 -funroll-loops -fno-align-loops -fno-align-functions -fno-align-jumps -fno-align-labels -lto -Os -Isrc -Iinc -Ires -I/home/dasut/mars/sh-elf/include -I/home/dasut/mars/sh-elf/sh-elf/include src/help.c -o src/help.o
/home/dasut/mars/sh-elf/bin/sh-elf-gcc -m2 -mb -Wall -c -fomit-frame-pointer -fno-builtin  -ffunction-sections -fdata-sections  -fno-align-loops -fno-align-functions -fno-align-jumps -fno-align-labels -D__32X__ -DMARS -O1 -fno-lto -Isrc -Iinc -Ires -I/home/dasut/mars/sh-elf/include -I/home/dasut/mars/sh-elf/sh-elf/include src/hw_32x.c -o src/hw_32x.o
/home/dasut/mars/sh-elf/bin/sh-elf-gcc -m2 -mb -Wall -c -fomit-frame-pointer -fno-builtin  -ffunction-sections -fdata-sections  -fno-align-loops -fno-align-functions -fno-align-jumps -fno-align-labels -D__32X__ -DMARS -O2 -funroll-loops -fno-align-loops -fno-align-functions -fno-align-jumps -fno-align-labels -lto -Os -Isrc -Iinc -Ires -I/home/dasut/mars/sh-elf/include -I/home/dasut/mars/sh-elf/sh-elf/include src/main.c -o src/main.o
/home/dasut/mars/sh-elf/bin/sh-elf-gcc -m2 -mb -Wall -c -fomit-frame-pointer -fno-builtin  -ffunction-sections -fdata-sections  -fno-align-loops -fno-align-functions -fno-align-jumps -fno-align-labels -D__32X__ -DMARS -O2 -funroll-loops -fno-align-loops -fno-align-functions -fno-align-jumps -fno-align-labels -lto -Os -Isrc -Iinc -Ires -I/home/dasut/mars/sh-elf/include -I/home/dasut/mars/sh-elf/sh-elf/include src/patterns.c -o src/patterns.o
/home/dasut/mars/sh-elf/bin/sh-elf-gcc -m2 -mb -Wall -c -fomit-frame-pointer -fno-builtin  -ffunction-sections -fdata-sections  -fno-align-loops -fno-align-functions -fno-align-jumps -fno-align-labels -D__32X__ -DMARS -O2 -funroll-loops -fno-align-loops -fno-align-functions -fno-align-jumps -fno-align-labels -lto -Os -Isrc -Iinc -Ires -I/home/dasut/mars/sh-elf/include -I/home/dasut/mars/sh-elf/sh-elf/include src/shared_objects.c -o src/shared_objects.o
/home/dasut/mars/sh-elf/bin/sh-elf-gcc -m2 -mb -Wall -c -fomit-frame-pointer -fno-builtin  -ffunction-sections -fdata-sections  -fno-align-loops -fno-align-functions -fno-align-jumps -fno-align-labels -D__32X__ -DMARS -O2 -funroll-loops -fno-align-loops -fno-align-functions -fno-align-jumps -fno-align-labels -lto -Os -Isrc -Iinc -Ires -I/home/dasut/mars/sh-elf/include -I/home/dasut/mars/sh-elf/sh-elf/include src/sound.c -o src/sound.o
/home/dasut/mars/sh-elf/bin/sh-elf-gcc -m2 -mb -Wall -c -fomit-frame-pointer -fno-builtin  -ffunction-sections -fdata-sections  -fno-align-loops -fno-align-functions -fno-align-jumps -fno-align-labels -D__32X__ -DMARS -O2 -funroll-loops -fno-align-loops -fno-align-functions -fno-align-jumps -fno-align-labels -lto -Os -Isrc -Iinc -Ires -I/home/dasut/mars/sh-elf/include -I/home/dasut/mars/sh-elf/sh-elf/include src/string.c -o src/string.o
/home/dasut/mars/sh-elf/bin/sh-elf-gcc -m2 -mb -Wall -c -fomit-frame-pointer -fno-builtin  -ffunction-sections -fdata-sections  -fno-align-loops -fno-align-functions -fno-align-jumps -fno-align-labels -D__32X__ -DMARS -O2 -funroll-loops -fno-align-loops -fno-align-functions -fno-align-jumps -fno-align-labels -lto -Os -Isrc -Iinc -Ires -I/home/dasut/mars/sh-elf/include -I/home/dasut/mars/sh-elf/sh-elf/include src/tests.c -o src/tests.o
/home/dasut/mars/sh-elf/bin/sh-elf-as --big -Isrc -Iinc -Ires -I/home/dasut/mars/sh-elf/include -I/home/dasut/mars/sh-elf/sh-elf/include src/lzss_decode.s -o src/lzss_decode.o
/home/dasut/mars/sh-elf/bin/sh-elf-as --big -Isrc -Iinc -Ires -I/home/dasut/mars/sh-elf/include -I/home/dasut/mars/sh-elf/sh-elf/include src/resources.s -o src/resources.o
/home/dasut/mars/sh-elf/bin/sh-elf-gcc -T /home/dasut/mars/ldscripts/mars_chill.ld -Wl,-Map=output.map -nostdlib -Wl,--gc-sections --specs=nosys.specs -flto crt0.o sh2_fixed.o src/32x_images.o src/draw.o src/dsprite.o src/dtiles.o src/font.o src/graphics.o src/help.o src/hw_32x.o src/main.o src/patterns.o src/shared_objects.o src/sound.o src/string.o src/tests.o src/lzss_decode.o src/resources.o -L/home/dasut/mars/sh-elf/lib -L/home/dasut/mars/sh-elf/lib/gcc/sh-elf/4.6.2 -L/home/dasut/mars/sh-elf/sh-elf/lib -lc -lgcc -lgcc-Os-4-200 -lnosys -o build/240pMars.elf
/home/dasut/mars/sh-elf/bin/sh-elf-objcopy -O binary build/240pMars.elf temp.bin
dd if=temp.bin of=build/240pMars.32x bs=128K conv=sync
rm -f temp.bin
make: Leaving directory '/home/dasut/marsdev/32X240pTestSuite'
 
